GROUP,PACKAGE,CLASS,INSTRUCTION_MISSED,INSTRUCTION_COVERED,BRANCH_MISSED,BRANCH_COVERED,LINE_MISSED,LINE_COVERED,COMPLEXITY_MISSED,COMPLEXITY_COVERED,METHOD_MISSED,METHOD_COVERED
stars,edu.brown.cs.student.main,Main,98,0,2,0,27,0,6,0,5,0
stars,edu.brown.cs.student.main,Main.FrontHandler,10,0,0,0,2,0,1,0,1,0
stars,edu.brown.cs.student.main,Main.ExceptionPrinter,26,0,0,0,8,0,1,0,1,0
stars,edu.brown.cs.student.main.stable_roommates,StableRoommates,18,542,11,61,4,116,11,35,0,10
stars,edu.brown.cs.student.main.stable_roommates,PeoplePair,24,40,3,5,4,11,5,5,2,4
stars,edu.brown.cs.student.main.stable_roommates,Person,34,107,2,12,11,29,8,14,6,9
