<?xml version="1.0" encoding="UTF-8"?>
<testsuite xmlns:xsi="http://www.w3.org/2001/XMLSchema-instance" xsi:noNamespaceSchemaLocation="https://maven.apache.org/surefire/maven-surefire-plugin/xsd/surefire-test-report-3.0.xsd" version="3.0" name="TestStableRoommates" time="0.096" tests="12" errors="0" skipped="0" failures="0">
  <properties>
[...]
</properties>
  <testcase name="twelvePeopleOneTest" classname="TestStableRoommates" time="0.01"/>
  <testcase name="exampleOneTest" classname="TestStableRoommates" time="0"/>
  <testcase name="wikiTest" classname="TestStableRoommates" time="0"/>
  <testcase name="twelvePeopleTwoTest" classname="TestStableRoommates" time="0"/>
  <testcase name="exampleTwoTest" classname="TestStableRoommates" time="0.001"/>
  <testcase name="unStableOne" classname="TestStableRoommates" time="0"/>
  <testcase name="unStableTwo" classname="TestStableRoommates" time="0"/>
  <testcase name="twentyPeopleUnstableTest" classname="TestStableRoommates" time="0.006"/>
  <testcase name="unStableThree" classname="TestStableRoommates" time="0"/>
  <testcase name="tenPeopleTestOne" classname="TestStableRoommates" time="0.001"/>
  <testcase name="tenPeopleTestTwo" classname="TestStableRoommates" time="0"/>
  <testcase name="eightPeopleTest" classname="TestStableRoommates" time="0"/>
</testsuite>